\BOOKMARK [0][-]{Doc-Start}{ABSTRACT}{}% 1
\BOOKMARK [0][-]{chapter*.2}{LIST OF FIGURES}{}% 2
\BOOKMARK [0][-]{chapter.1}{Introduction}{}% 3
\BOOKMARK [0][-]{chapter.2}{Background}{}% 4
\BOOKMARK [1][-]{section.2.1}{Tor}{chapter.2}% 5
\BOOKMARK [1][-]{section.2.2}{Motivation}{chapter.2}% 6
\BOOKMARK [0][-]{chapter.3}{Requirements}{}% 7
\BOOKMARK [1][-]{section.3.1}{Assumptions and Threat Model}{chapter.3}% 8
\BOOKMARK [1][-]{section.3.2}{Design Principles}{chapter.3}% 9
\BOOKMARK [0][-]{chapter.4}{Challenges}{}% 10
\BOOKMARK [1][-]{section.4.1}{Zooko's Triangle}{chapter.4}% 11
\BOOKMARK [1][-]{section.4.2}{Communication}{chapter.4}% 12
\BOOKMARK [1][-]{section.4.3}{Fault Tolerance}{chapter.4}% 13
\BOOKMARK [0][-]{chapter.5}{Existing Works}{}% 14
\BOOKMARK [1][-]{section.5.1}{Encoding Schemes}{chapter.5}% 15
\BOOKMARK [1][-]{section.5.2}{Clearnet DNS}{chapter.5}% 16
\BOOKMARK [1][-]{section.5.3}{Namecoin}{chapter.5}% 17
\BOOKMARK [0][-]{chapter.6}{Solution}{}% 18
\BOOKMARK [1][-]{section.6.1}{Overview}{chapter.6}% 19
\BOOKMARK [1][-]{section.6.2}{Components}{chapter.6}% 20
\BOOKMARK [1][-]{section.6.3}{Examples and Structural Induction}{chapter.6}% 21
\BOOKMARK [1][-]{section.6.4}{Fault Tolerance}{chapter.6}% 22
\BOOKMARK [0][-]{chapter.7}{Analysis}{}% 23
\BOOKMARK [1][-]{section.7.1}{Security}{chapter.7}% 24
\BOOKMARK [1][-]{section.7.2}{Performance}{chapter.7}% 25
\BOOKMARK [0][-]{chapter.8}{Results}{}% 26
\BOOKMARK [1][-]{section.8.1}{Implementation}{chapter.8}% 27
\BOOKMARK [1][-]{section.8.2}{Discussion}{chapter.8}% 28
\BOOKMARK [0][-]{chapter.9}{Future Work}{}% 29
\BOOKMARK [0][-]{chapter.10}{Conclusion}{}% 30
\BOOKMARK [0][-]{chapter.11}{REFERENCES}{}% 31
